0:0:0:0:0:0:0:1 [28/abril/2022 00:11:09:446] Mozilla/5.0 (Windows NT 10.0; Win64; x64) AppleWebKit/537.36 (KHTML, like Gecko) Chrome/100.0.4896.127 Safari/537.36 "OPTIONS /products HTTP/1.1" 204 0
0:0:0:0:0:0:0:1 [28/abril/2022 00:09:42:357] Mozilla/5.0 (Windows NT 10.0; Win64; x64) AppleWebKit/537.36 (KHTML, like Gecko) Chrome/100.0.4896.127 Safari/537.36 "GET /products HTTP/1.1" 500 26
0:0:0:0:0:0:0:1 [28/abril/2022 00:11:48:068] Mozilla/5.0 (Windows NT 10.0; Win64; x64) AppleWebKit/537.36 (KHTML, like Gecko) Chrome/100.0.4896.127 Safari/537.36 "GET /products HTTP/1.1" 200 -1
0:0:0:0:0:0:0:1 [28/abril/2022 00:12:01:037] Mozilla/5.0 (Windows NT 10.0; Win64; x64) AppleWebKit/537.36 (KHTML, like Gecko) Chrome/100.0.4896.127 Safari/537.36 "OPTIONS /products HTTP/1.1" 204 0
0:0:0:0:0:0:0:1 [28/abril/2022 00:12:03:682] Mozilla/5.0 (Windows NT 10.0; Win64; x64) AppleWebKit/537.36 (KHTML, like Gecko) Chrome/100.0.4896.127 Safari/537.36 "POST /products HTTP/1.1" 201 -1
0:0:0:0:0:0:0:1 [28/abril/2022 00:12:03:863] Mozilla/5.0 (Windows NT 10.0; Win64; x64) AppleWebKit/537.36 (KHTML, like Gecko) Chrome/100.0.4896.127 Safari/537.36 "GET /products HTTP/1.1" 200 -1
0:0:0:0:0:0:0:1 [28/abril/2022 00:12:40:435] Mozilla/5.0 (Windows NT 10.0; Win64; x64) AppleWebKit/537.36 (KHTML, like Gecko) Chrome/100.0.4896.127 Safari/537.36 "GET /products HTTP/1.1" 200 -1
0:0:0:0:0:0:0:1 [28/abril/2022 00:13:25:788] Mozilla/5.0 (Windows NT 10.0; Win64; x64) AppleWebKit/537.36 (KHTML, like Gecko) Chrome/100.0.4896.127 Safari/537.36 "GET /products/1 HTTP/1.1" 200 -1
0:0:0:0:0:0:0:1 [28/abril/2022 00:13:27:518] Mozilla/5.0 (Windows NT 10.0; Win64; x64) AppleWebKit/537.36 (KHTML, like Gecko) Chrome/100.0.4896.127 Safari/537.36 "GET /products HTTP/1.1" 200 -1
0:0:0:0:0:0:0:1 [28/abril/2022 00:13:29:353] Mozilla/5.0 (Windows NT 10.0; Win64; x64) AppleWebKit/537.36 (KHTML, like Gecko) Chrome/100.0.4896.127 Safari/537.36 "OPTIONS /products/1 HTTP/1.1" 204 0
0:0:0:0:0:0:0:1 [28/abril/2022 00:13:32:095] Mozilla/5.0 (Windows NT 10.0; Win64; x64) AppleWebKit/537.36 (KHTML, like Gecko) Chrome/100.0.4896.127 Safari/537.36 "DELETE /products/1 HTTP/1.1" 204 -1
0:0:0:0:0:0:0:1 [28/abril/2022 00:13:32:217] Mozilla/5.0 (Windows NT 10.0; Win64; x64) AppleWebKit/537.36 (KHTML, like Gecko) Chrome/100.0.4896.127 Safari/537.36 "GET /products HTTP/1.1" 200 -1
0:0:0:0:0:0:0:1 [28/abril/2022 00:13:43:001] Mozilla/5.0 (Windows NT 10.0; Win64; x64) AppleWebKit/537.36 (KHTML, like Gecko) Chrome/100.0.4896.127 Safari/537.36 "OPTIONS /products HTTP/1.1" 204 0
0:0:0:0:0:0:0:1 [28/abril/2022 00:13:45:255] Mozilla/5.0 (Windows NT 10.0; Win64; x64) AppleWebKit/537.36 (KHTML, like Gecko) Chrome/100.0.4896.127 Safari/537.36 "POST /products HTTP/1.1" 201 -1
0:0:0:0:0:0:0:1 [28/abril/2022 00:13:45:425] Mozilla/5.0 (Windows NT 10.0; Win64; x64) AppleWebKit/537.36 (KHTML, like Gecko) Chrome/100.0.4896.127 Safari/537.36 "GET /products HTTP/1.1" 200 -1
0:0:0:0:0:0:0:1 [28/abril/2022 00:14:44:435] Mozilla/5.0 (Windows NT 10.0; Win64; x64) AppleWebKit/537.36 (KHTML, like Gecko) Chrome/100.0.4896.127 Safari/537.36 "OPTIONS /products HTTP/1.1" 204 0
0:0:0:0:0:0:0:1 [28/abril/2022 00:14:48:770] Mozilla/5.0 (Windows NT 10.0; Win64; x64) AppleWebKit/537.36 (KHTML, like Gecko) Chrome/100.0.4896.127 Safari/537.36 "POST /products HTTP/1.1" 201 -1
0:0:0:0:0:0:0:1 [28/abril/2022 00:14:49:051] Mozilla/5.0 (Windows NT 10.0; Win64; x64) AppleWebKit/537.36 (KHTML, like Gecko) Chrome/100.0.4896.127 Safari/537.36 "GET /products HTTP/1.1" 200 -1
0:0:0:0:0:0:0:1 [28/abril/2022 00:15:26:176] Mozilla/5.0 (Windows NT 10.0; Win64; x64) AppleWebKit/537.36 (KHTML, like Gecko) Chrome/100.0.4896.127 Safari/537.36 "GET /products HTTP/1.1" 200 -1
0:0:0:0:0:0:0:1 [28/abril/2022 00:16:57:758] Mozilla/5.0 (Windows NT 10.0; Win64; x64) AppleWebKit/537.36 (KHTML, like Gecko) Chrome/100.0.4896.127 Safari/537.36 "GET /products HTTP/1.1" 200 -1
0:0:0:0:0:0:0:1 [28/abril/2022 00:17:41:751] Mozilla/5.0 (Windows NT 10.0; Win64; x64) AppleWebKit/537.36 (KHTML, like Gecko) Chrome/100.0.4896.127 Safari/537.36 "OPTIONS /products/3 HTTP/1.1" 204 0
0:0:0:0:0:0:0:1 [28/abril/2022 00:17:43:109] Mozilla/5.0 (Windows NT 10.0; Win64; x64) AppleWebKit/537.36 (KHTML, like Gecko) Chrome/100.0.4896.127 Safari/537.36 "DELETE /products/3 HTTP/1.1" 204 -1
0:0:0:0:0:0:0:1 [28/abril/2022 00:17:43:244] Mozilla/5.0 (Windows NT 10.0; Win64; x64) AppleWebKit/537.36 (KHTML, like Gecko) Chrome/100.0.4896.127 Safari/537.36 "GET /products HTTP/1.1" 200 -1
